[2022-11-17T19:17:47.742] [ERROR] default - Error: Authenticate
    at success (C:\Users\lu_ab\OneDrive\Desktop\Fullstack\Backend\TercerEntrega\node_modules\twilio\lib\base\Version.js:135:15)
    at Promise_then_fulfilled (C:\Users\lu_ab\OneDrive\Desktop\Fullstack\Backend\TercerEntrega\node_modules\q\q.js:766:44)
    at Promise_done_fulfilled (C:\Users\lu_ab\OneDrive\Desktop\Fullstack\Backend\TercerEntrega\node_modules\q\q.js:835:31)
    at Fulfilled.Fulfilled_dispatch [as dispatch] (C:\Users\lu_ab\OneDrive\Desktop\Fullstack\Backend\TercerEntrega\node_modules\q\q.js:1229:9)
    at Pending_become_eachMessage_task (C:\Users\lu_ab\OneDrive\Desktop\Fullstack\Backend\TercerEntrega\node_modules\q\q.js:1369:30)
    at RawTask.call (C:\Users\lu_ab\OneDrive\Desktop\Fullstack\Backend\TercerEntrega\node_modules\asap\asap.js:40:19)
    at flush (C:\Users\lu_ab\OneDrive\Desktop\Fullstack\Backend\TercerEntrega\node_modules\asap\raw.js:50:29)
    at process.processTicksAndRejections (node:internal/process/task_queues:77:11) {
  status: 401,
  code: 20003,
  moreInfo: 'https://www.twilio.com/docs/errors/20003',
  details: undefined
}
[2022-11-17T19:31:18.775] [ERROR] default - Error: Authenticate
    at success (C:\Users\lu_ab\OneDrive\Desktop\Fullstack\Backend\TercerEntrega\node_modules\twilio\lib\base\Version.js:135:15)
    at Promise_then_fulfilled (C:\Users\lu_ab\OneDrive\Desktop\Fullstack\Backend\TercerEntrega\node_modules\q\q.js:766:44)
    at Promise_done_fulfilled (C:\Users\lu_ab\OneDrive\Desktop\Fullstack\Backend\TercerEntrega\node_modules\q\q.js:835:31)
    at Fulfilled.Fulfilled_dispatch [as dispatch] (C:\Users\lu_ab\OneDrive\Desktop\Fullstack\Backend\TercerEntrega\node_modules\q\q.js:1229:9)
    at Pending_become_eachMessage_task (C:\Users\lu_ab\OneDrive\Desktop\Fullstack\Backend\TercerEntrega\node_modules\q\q.js:1369:30)
    at RawTask.call (C:\Users\lu_ab\OneDrive\Desktop\Fullstack\Backend\TercerEntrega\node_modules\asap\asap.js:40:19)
    at flush (C:\Users\lu_ab\OneDrive\Desktop\Fullstack\Backend\TercerEntrega\node_modules\asap\raw.js:50:29)
    at process.processTicksAndRejections (node:internal/process/task_queues:77:11) {
  status: 401,
  code: 20003,
  moreInfo: 'https://www.twilio.com/docs/errors/20003',
  details: undefined
}
[2022-11-17T19:56:21.649] [ERROR] default - {
  stringValue: '"video"',
  valueType: 'string',
  kind: 'ObjectId',
  value: 'video',
  path: '_id',
  reason: BSONTypeError: Argument passed in must be a string of 12 bytes or a string of 24 hex characters or an integer
      at new BSONTypeError (C:\Users\lu_ab\OneDrive\Desktop\Fullstack\Backend\TercerEntrega\node_modules\bson\lib\error.js:41:28)
      at new ObjectId (C:\Users\lu_ab\OneDrive\Desktop\Fullstack\Backend\TercerEntrega\node_modules\bson\lib\objectid.js:67:23)
      at castObjectId (C:\Users\lu_ab\OneDrive\Desktop\Fullstack\Backend\TercerEntrega\node_modules\mongoose\lib\cast\objectid.js:25:12)
      at ObjectId.cast (C:\Users\lu_ab\OneDrive\Desktop\Fullstack\Backend\TercerEntrega\node_modules\mongoose\lib\schema\objectid.js:246:12)
      at SchemaType.applySetters (C:\Users\lu_ab\OneDrive\Desktop\Fullstack\Backend\TercerEntrega\node_modules\mongoose\lib\schematype.js:1201:12)
      at SchemaType._castForQuery (C:\Users\lu_ab\OneDrive\Desktop\Fullstack\Backend\TercerEntrega\node_modules\mongoose\lib\schematype.js:1648:15)
      at SchemaType.castForQuery (C:\Users\lu_ab\OneDrive\Desktop\Fullstack\Backend\TercerEntrega\node_modules\mongoose\lib\schematype.js:1636:15)
      at SchemaType.castForQueryWrapper (C:\Users\lu_ab\OneDrive\Desktop\Fullstack\Backend\TercerEntrega\node_modules\mongoose\lib\schematype.js:1612:20)
      at cast (C:\Users\lu_ab\OneDrive\Desktop\Fullstack\Backend\TercerEntrega\node_modules\mongoose\lib\cast.js:347:32)
      at Query.cast (C:\Users\lu_ab\OneDrive\Desktop\Fullstack\Backend\TercerEntrega\node_modules\mongoose\lib\query.js:5312:12),
  name: 'CastError',
  message: 'Cast to ObjectId failed for value "video" (type string) at path "_id" for model "productos"'
}
[2022-11-17T19:57:19.859] [ERROR] default - {
  stringValue: '"video"',
  valueType: 'string',
  kind: 'ObjectId',
  value: 'video',
  path: '_id',
  reason: BSONTypeError: Argument passed in must be a string of 12 bytes or a string of 24 hex characters or an integer
      at new BSONTypeError (C:\Users\lu_ab\OneDrive\Desktop\Fullstack\Backend\TercerEntrega\node_modules\bson\lib\error.js:41:28)
      at new ObjectId (C:\Users\lu_ab\OneDrive\Desktop\Fullstack\Backend\TercerEntrega\node_modules\bson\lib\objectid.js:67:23)
      at castObjectId (C:\Users\lu_ab\OneDrive\Desktop\Fullstack\Backend\TercerEntrega\node_modules\mongoose\lib\cast\objectid.js:25:12)
      at ObjectId.cast (C:\Users\lu_ab\OneDrive\Desktop\Fullstack\Backend\TercerEntrega\node_modules\mongoose\lib\schema\objectid.js:246:12)
      at SchemaType.applySetters (C:\Users\lu_ab\OneDrive\Desktop\Fullstack\Backend\TercerEntrega\node_modules\mongoose\lib\schematype.js:1201:12)
      at SchemaType._castForQuery (C:\Users\lu_ab\OneDrive\Desktop\Fullstack\Backend\TercerEntrega\node_modules\mongoose\lib\schematype.js:1648:15)
      at SchemaType.castForQuery (C:\Users\lu_ab\OneDrive\Desktop\Fullstack\Backend\TercerEntrega\node_modules\mongoose\lib\schematype.js:1636:15)
      at SchemaType.castForQueryWrapper (C:\Users\lu_ab\OneDrive\Desktop\Fullstack\Backend\TercerEntrega\node_modules\mongoose\lib\schematype.js:1612:20)
      at cast (C:\Users\lu_ab\OneDrive\Desktop\Fullstack\Backend\TercerEntrega\node_modules\mongoose\lib\cast.js:347:32)
      at Query.cast (C:\Users\lu_ab\OneDrive\Desktop\Fullstack\Backend\TercerEntrega\node_modules\mongoose\lib\query.js:5312:12),
  name: 'CastError',
  message: 'Cast to ObjectId failed for value "video" (type string) at path "_id" for model "productos"'
}
