[2022-11-08T13:49:58.006] [WARN] default - Ruta no encontrada /favicon.ico
[2022-11-08T13:50:01.067] [WARN] default - Ruta no encontrada /favicon.ico
[2022-11-08T13:54:44.814] [WARN] default - Ruta no encontrada /favicon.ico
[2022-11-08T13:55:04.734] [WARN] default - Ruta no encontrada /favicon.ico
[2022-11-08T13:59:27.793] [WARN] default - Ruta no encontrada /favicon.ico
[2022-11-08T13:59:49.974] [WARN] default - Ruta no encontrada /favicon.ico
[2022-11-08T14:01:20.572] [WARN] default - Ruta no encontrada /favicon.ico
[2022-11-08T14:01:31.864] [WARN] default - Ruta no encontrada /favicon.ico
[2022-11-08T14:01:40.733] [WARN] default - Ruta no encontrada /favicon.ico
[2022-11-08T14:01:56.405] [WARN] default - Ruta no encontrada /favicon.ico
[2022-11-08T14:02:03.092] [WARN] default - Ruta no encontrada /favicon.ico
[2022-11-08T14:02:04.579] [WARN] default - Ruta no encontrada /favicon.ico
[2022-11-08T14:02:20.958] [WARN] default - Ruta no encontrada /favicon.ico
[2022-11-08T14:05:14.017] [WARN] default - Ruta no encontrada /favicon.ico
[2022-11-08T14:05:15.782] [WARN] default - Ruta no encontrada /favicon.ico
[2022-11-08T14:06:09.286] [WARN] default - Ruta no encontrada /favicon.ico
[2022-11-08T14:07:04.268] [WARN] default - Ruta no encontrada /favicon.ico
[2022-11-08T14:07:08.978] [WARN] default - Ruta no encontrada /favicon.ico
[2022-11-08T14:08:14.495] [WARN] default - Ruta no encontrada /favicon.ico
[2022-11-08T14:10:50.518] [WARN] default - Ruta no encontrada /favicon.ico
[2022-11-08T14:11:02.310] [WARN] default - Ruta no encontrada /favicon.ico
[2022-11-08T14:15:13.124] [WARN] default - Ruta no encontrada /favicon.ico
[2022-11-08T14:16:49.921] [WARN] default - Ruta no encontrada /favicon.ico
[2022-11-08T14:18:09.611] [WARN] default - Ruta no encontrada /favicon.ico
[2022-11-08T14:29:28.902] [WARN] default - Ruta no encontrada /favicon.ico
[2022-11-08T14:29:32.385] [WARN] default - Ruta no encontrada /favicon.ico
[2022-11-08T14:55:17.208] [WARN] default - Ruta no encontrada /favicon.ico
[2022-11-08T14:55:30.518] [WARN] default - Ruta no encontrada /favicon.ico
[2022-11-08T14:55:47.580] [WARN] default - Ruta no encontrada /favicon.ico
[2022-11-08T14:56:14.238] [WARN] default - Ruta no encontrada /favicon.ico
[2022-11-08T14:56:25.524] [WARN] default - Ruta no encontrada /favicon.ico
[2022-11-08T14:56:51.279] [WARN] default - Ruta no encontrada /favicon.ico
[2022-11-08T14:56:53.182] [WARN] default - Ruta no encontrada /favicon.ico
[2022-11-08T14:56:55.367] [WARN] default - Ruta no encontrada /favicon.ico
[2022-11-08T14:56:59.951] [WARN] default - Ruta no encontrada /favicon.ico
[2022-11-08T14:57:01.249] [WARN] default - Ruta no encontrada /favicon.ico
[2022-11-08T14:57:05.543] [WARN] default - Ruta no encontrada /favicon.ico
[2022-11-08T15:00:05.637] [WARN] default - Ruta no encontrada /favicon.ico
[2022-11-08T15:00:12.839] [WARN] default - Ruta no encontrada /favicon.ico
[2022-11-08T15:00:14.237] [WARN] default - Ruta no encontrada /info.hbs
[2022-11-08T15:00:14.683] [WARN] default - Ruta no encontrada /favicon.ico
[2022-11-08T15:01:14.496] [WARN] default - Ruta no encontrada /favicon.ico
[2022-11-08T15:01:18.948] [WARN] default - Ruta no encontrada /favicon.ico
[2022-11-08T15:01:20.611] [WARN] default - Ruta no encontrada /info.hbs
[2022-11-08T15:01:21.022] [WARN] default - Ruta no encontrada /favicon.ico
[2022-11-08T15:01:32.602] [WARN] default - Ruta no encontrada /favicon.ico
[2022-11-08T15:01:46.131] [WARN] default - Ruta no encontrada /favicon.ico
[2022-11-08T15:01:47.654] [WARN] default - Ruta no encontrada /favicon.ico
[2022-11-08T15:01:51.407] [WARN] default - Ruta no encontrada /favicon.ico
[2022-11-08T15:06:18.068] [WARN] default - Ruta no encontrada /favicon.ico
[2022-11-08T15:06:22.394] [WARN] default - Ruta no encontrada /favicon.ico
[2022-11-08T15:06:26.265] [WARN] default - Ruta no encontrada /productos
[2022-11-08T15:06:26.714] [WARN] default - Ruta no encontrada /favicon.ico
[2022-11-08T15:07:00.624] [WARN] default - Ruta no encontrada /favicon.ico
[2022-11-08T15:07:05.385] [WARN] default - Ruta no encontrada /favicon.ico
[2022-11-08T15:08:01.656] [WARN] default - Ruta no encontrada /favicon.ico
[2022-11-08T15:09:09.980] [WARN] default - Ruta no encontrada /favicon.ico
[2022-11-08T15:09:20.860] [WARN] default - Ruta no encontrada /favicon.ico
[2022-11-08T15:09:56.224] [WARN] default - Ruta no encontrada /favicon.ico
[2022-11-08T15:53:46.907] [WARN] default - Ruta no encontrada /favicon.ico
[2022-11-08T15:56:16.431] [WARN] default - Ruta no encontrada /favicon.ico
[2022-11-08T15:56:20.107] [WARN] default - Ruta no encontrada /favicon.ico
[2022-11-08T15:56:36.238] [WARN] default - Ruta no encontrada /favicon.ico
[2022-11-08T15:58:09.236] [WARN] default - Ruta no encontrada /favicon.ico
[2022-11-08T15:59:39.192] [WARN] default - Ruta no encontrada /favicon.ico
[2022-11-08T16:00:06.104] [WARN] default - Ruta no encontrada /favicon.ico
[2022-11-08T16:01:18.326] [WARN] default - Ruta no encontrada /favicon.ico
[2022-11-08T16:03:26.824] [WARN] default - Ruta no encontrada /favicon.ico
[2022-11-08T16:07:29.228] [WARN] default - Ruta no encontrada /favicon.ico
[2022-11-08T16:08:10.304] [WARN] default - Ruta no encontrada /favicon.ico
[2022-11-08T16:12:38.885] [WARN] default - Ruta no encontrada /favicon.ico
[2022-11-08T16:15:44.644] [WARN] default - Ruta no encontrada /favicon.ico
[2022-11-08T16:21:33.125] [WARN] default - Ruta no encontrada /favicon.ico
[2022-11-08T16:22:01.188] [WARN] default - Ruta no encontrada /favicon.ico
[2022-11-08T16:23:40.537] [WARN] default - Ruta no encontrada /favicon.ico
[2022-11-08T16:23:45.051] [WARN] default - Ruta no encontrada /favicon.ico
[2022-11-08T16:24:10.240] [WARN] default - Ruta no encontrada /favicon.ico
[2022-11-08T16:24:14.956] [WARN] default - Ruta no encontrada /favicon.ico
[2022-11-08T16:24:16.254] [WARN] default - Ruta no encontrada /favicon.ico
[2022-11-08T16:24:52.042] [WARN] default - Ruta no encontrada /favicon.ico
[2022-11-08T16:25:00.815] [WARN] default - Ruta no encontrada /favicon.ico
[2022-11-08T16:25:01.869] [WARN] default - Ruta no encontrada /favicon.ico
[2022-11-08T16:25:57.084] [WARN] default - Ruta no encontrada /favicon.ico
[2022-11-08T16:27:31.117] [WARN] default - Ruta no encontrada /favicon.ico
[2022-11-08T16:28:09.141] [WARN] default - Ruta no encontrada /favicon.ico
[2022-11-08T16:29:11.828] [WARN] default - Ruta no encontrada /favicon.ico
[2022-11-08T16:32:38.641] [WARN] default - Ruta no encontrada /favicon.ico
[2022-11-08T16:39:19.075] [WARN] default - Ruta no encontrada /favicon.ico
[2022-11-08T16:39:39.066] [WARN] default - Ruta no encontrada /favicon.ico
[2022-11-08T16:39:46.809] [WARN] default - Ruta no encontrada /favicon.ico
[2022-11-08T16:39:49.686] [WARN] default - Ruta no encontrada /favicon.ico
[2022-11-08T16:39:55.611] [WARN] default - Ruta no encontrada /favicon.ico
[2022-11-08T16:39:58.566] [WARN] default - Ruta no encontrada /favicon.ico
[2022-11-08T17:01:18.558] [WARN] default - Ruta no encontrada /favicon.ico
[2022-11-08T17:02:20.859] [WARN] default - Ruta no encontrada /favicon.ico
[2022-11-08T17:02:29.313] [WARN] default - Ruta no encontrada /favicon.ico
[2022-11-08T17:03:44.154] [WARN] default - Ruta no encontrada /favicon.ico
[2022-11-08T17:04:54.557] [WARN] default - Ruta no encontrada /favicon.ico
[2022-11-08T17:05:17.027] [WARN] default - Ruta no encontrada /favicon.ico
[2022-11-08T17:05:47.352] [WARN] default - Ruta no encontrada /favicon.ico
[2022-11-08T17:08:13.097] [WARN] default - Ruta no encontrada /favicon.ico
[2022-11-08T17:09:08.062] [WARN] default - Ruta no encontrada /favicon.ico
[2022-11-08T17:09:13.311] [WARN] default - Ruta no encontrada /favicon.ico
[2022-11-08T17:09:15.319] [WARN] default - Ruta no encontrada /favicon.ico
[2022-11-08T17:09:34.569] [WARN] default - Ruta no encontrada /favicon.ico
[2022-11-08T17:09:42.582] [WARN] default - Ruta no encontrada /favicon.ico
[2022-11-08T17:09:44.058] [WARN] default - Ruta no encontrada /favicon.ico
[2022-11-08T17:10:29.791] [WARN] default - Ruta no encontrada /favicon.ico
[2022-11-08T17:10:34.518] [WARN] default - Ruta no encontrada /favicon.ico
[2022-11-08T17:10:36.397] [WARN] default - Ruta no encontrada /favicon.ico
[2022-11-08T17:11:45.377] [WARN] default - Ruta no encontrada /favicon.ico
[2022-11-08T17:12:51.964] [WARN] default - Ruta no encontrada /favicon.ico
[2022-11-08T17:12:55.220] [WARN] default - Ruta no encontrada /favicon.ico
[2022-11-08T17:13:09.605] [WARN] default - Ruta no encontrada /favicon.ico
[2022-11-08T17:15:46.858] [WARN] default - Ruta no encontrada /favicon.ico
[2022-11-08T17:15:52.029] [WARN] default - Ruta no encontrada /favicon.ico
[2022-11-08T17:15:53.956] [WARN] default - Ruta no encontrada /favicon.ico
[2022-11-08T17:16:12.244] [WARN] default - Ruta no encontrada /favicon.ico
[2022-11-08T17:17:47.171] [WARN] default - Ruta no encontrada /favicon.ico
[2022-11-08T17:17:49.802] [WARN] default - Ruta no encontrada /favicon.ico
[2022-11-08T17:23:20.678] [WARN] default - Ruta no encontrada /favicon.ico
[2022-11-08T17:23:25.337] [WARN] default - Ruta no encontrada /favicon.ico
[2022-11-08T17:23:28.100] [WARN] default - Ruta no encontrada /favicon.ico
[2022-11-08T17:23:53.508] [WARN] default - Ruta no encontrada /favicon.ico
[2022-11-08T17:23:58.203] [WARN] default - Ruta no encontrada /favicon.ico
[2022-11-08T17:23:59.867] [WARN] default - Ruta no encontrada /favicon.ico
[2022-11-08T17:24:01.897] [WARN] default - Ruta no encontrada /favicon.ico
[2022-11-08T17:24:11.574] [WARN] default - Ruta no encontrada /favicon.ico
[2022-11-08T17:24:13.899] [WARN] default - Ruta no encontrada /favicon.ico
[2022-11-08T17:24:15.473] [WARN] default - Ruta no encontrada /favicon.ico
[2022-11-08T17:24:16.940] [WARN] default - Ruta no encontrada /favicon.ico
[2022-11-08T17:24:18.809] [WARN] default - Ruta no encontrada /favicon.ico
[2022-11-08T17:24:21.303] [WARN] default - Ruta no encontrada /favicon.ico
[2022-11-08T17:24:30.737] [WARN] default - Ruta no encontrada /favicon.ico
[2022-11-08T17:24:34.941] [WARN] default - Ruta no encontrada /favicon.ico
[2022-11-08T17:26:38.980] [WARN] default - Ruta no encontrada /favicon.ico
[2022-11-08T17:26:46.378] [WARN] default - Ruta no encontrada /favicon.ico
[2022-11-08T17:26:48.383] [WARN] default - Ruta no encontrada /favicon.ico
[2022-11-08T20:54:48.243] [WARN] default - Ruta no encontrada /favicon.ico
[2022-11-08T20:54:51.361] [WARN] default - Ruta no encontrada /favicon.ico
[2022-11-08T20:55:19.846] [WARN] default - Ruta no encontrada /favicon.ico
[2022-11-08T20:55:26.212] [WARN] default - Ruta no encontrada /favicon.ico
[2022-11-08T20:55:28.033] [WARN] default - Ruta no encontrada /favicon.ico
[2022-11-08T20:55:40.731] [WARN] default - Ruta no encontrada /favicon.ico
[2022-11-08T20:57:51.199] [WARN] default - Ruta no encontrada /favicon.ico
[2022-11-09T11:42:17.285] [WARN] default - Ruta no encontrada /favicon.ico
[2022-11-09T12:01:24.588] [WARN] default - Ruta no encontrada /favicon.ico
[2022-11-09T12:17:45.859] [WARN] default - Ruta no encontrada /favicon.ico
[2022-11-09T12:17:50.446] [WARN] default - Ruta no encontrada /favicon.ico
[2022-11-09T12:17:51.811] [WARN] default - Ruta no encontrada /favicon.ico
[2022-11-09T12:18:31.826] [WARN] default - Ruta no encontrada /favicon.ico
[2022-11-09T12:18:35.279] [WARN] default - Ruta no encontrada /favicon.ico
[2022-11-09T12:18:37.295] [WARN] default - Ruta no encontrada /favicon.ico
[2022-11-09T17:38:17.791] [WARN] default - Ruta no encontrada /favicon.ico
[2022-11-09T17:38:20.382] [WARN] default - Ruta no encontrada /favicon.ico
[2022-11-09T17:38:30.933] [WARN] default - Ruta no encontrada /avatar
[2022-11-09T17:38:31.128] [WARN] default - Ruta no encontrada /favicon.ico
[2022-11-09T17:41:03.071] [WARN] default - Ruta no encontrada /favicon.ico
[2022-11-09T17:41:04.560] [WARN] default - Ruta no encontrada /favicon.ico
[2022-11-09T17:41:20.668] [WARN] default - Ruta no encontrada /favicon.ico
[2022-11-09T17:41:50.803] [WARN] default - Ruta no encontrada /favicon.ico
[2022-11-09T17:41:53.537] [WARN] default - Ruta no encontrada /favicon.ico
[2022-11-09T17:42:06.444] [WARN] default - Ruta no encontrada /123456
[2022-11-09T17:42:06.626] [WARN] default - Ruta no encontrada /favicon.ico
[2022-11-09T17:43:01.956] [WARN] default - Ruta no encontrada /favicon.ico
[2022-11-09T17:44:46.879] [WARN] default - Ruta no encontrada /favicon.ico
[2022-11-09T17:44:58.957] [WARN] default - Ruta no encontrada /sdfsd
[2022-11-09T17:44:59.149] [WARN] default - Ruta no encontrada /favicon.ico
[2022-11-09T17:46:48.507] [WARN] default - Ruta no encontrada /favicon.ico
[2022-11-09T17:46:49.648] [WARN] default - Ruta no encontrada /favicon.ico
[2022-11-09T17:51:08.217] [WARN] default - Ruta no encontrada /favicon.ico
[2022-11-09T17:51:10.621] [WARN] default - Ruta no encontrada /favicon.ico
[2022-11-09T17:51:21.508] [WARN] default - Ruta no encontrada /favicon.ico
[2022-11-09T17:51:57.217] [WARN] default - Ruta no encontrada /favicon.ico
[2022-11-09T17:52:58.472] [WARN] default - Ruta no encontrada /favicon.ico
[2022-11-09T17:53:01.203] [WARN] default - Ruta no encontrada /favicon.ico
[2022-11-09T17:53:38.514] [WARN] default - Ruta no encontrada /favicon.ico
[2022-11-09T17:53:42.681] [WARN] default - Ruta no encontrada /favicon.ico
[2022-11-09T17:54:10.826] [WARN] default - Ruta no encontrada /favicon.ico
[2022-11-09T17:57:06.421] [WARN] default - Ruta no encontrada /favicon.ico
[2022-11-09T17:57:10.604] [WARN] default - Ruta no encontrada /favicon.ico
[2022-11-09T17:57:50.358] [WARN] default - Ruta no encontrada /favicon.ico
[2022-11-09T17:58:19.482] [WARN] default - Ruta no encontrada /favicon.ico
[2022-11-09T17:58:20.643] [WARN] default - Ruta no encontrada /favicon.ico
[2022-11-09T17:58:29.403] [WARN] default - Ruta no encontrada /favicon.ico
[2022-11-09T18:28:31.542] [WARN] default - Ruta no encontrada /favicon.ico
[2022-11-09T18:28:34.233] [WARN] default - Ruta no encontrada /favicon.ico
[2022-11-09T18:28:38.486] [WARN] default - Ruta no encontrada /favicon.ico
[2022-11-09T18:28:59.310] [WARN] default - Ruta no encontrada /64416
[2022-11-09T18:28:59.772] [WARN] default - Ruta no encontrada /favicon.ico
[2022-11-09T18:29:44.428] [WARN] default - Ruta no encontrada /favicon.ico
[2022-11-09T18:29:51.935] [WARN] default - Ruta no encontrada /favicon.ico
[2022-11-09T18:30:06.097] [WARN] default - Ruta no encontrada /sfjsd
[2022-11-09T18:30:06.302] [WARN] default - Ruta no encontrada /favicon.ico
[2022-11-09T18:30:41.140] [WARN] default - Ruta no encontrada /favicon.ico
[2022-11-09T18:30:46.421] [WARN] default - Ruta no encontrada /favicon.ico
[2022-11-09T18:31:03.747] [WARN] default - Ruta no encontrada /sdofjsdo
[2022-11-09T18:31:04.153] [WARN] default - Ruta no encontrada /favicon.ico
[2022-11-09T18:33:57.637] [WARN] default - Ruta no encontrada /favicon.ico
[2022-11-09T18:34:04.594] [WARN] default - Ruta no encontrada /favicon.ico
[2022-11-09T19:51:54.947] [WARN] default - Ruta no encontrada /favicon.ico
[2022-11-09T19:51:57.751] [WARN] default - Ruta no encontrada /favicon.ico
[2022-11-09T19:52:11.477] [WARN] default - Ruta no encontrada /favicon.ico
[2022-11-09T19:53:27.777] [WARN] default - Ruta no encontrada /favicon.ico
[2022-11-09T19:53:30.677] [WARN] default - Ruta no encontrada /favicon.ico
[2022-11-09T19:53:34.250] [WARN] default - Ruta no encontrada /favicon.ico
[2022-11-09T19:53:45.793] [WARN] default - Ruta no encontrada /favicon.ico
[2022-11-09T19:55:07.353] [WARN] default - Ruta no encontrada /favicon.ico
[2022-11-09T19:56:20.030] [WARN] default - Ruta no encontrada /favicon.ico
[2022-11-09T19:56:52.936] [WARN] default - Ruta no encontrada /sdfsd
[2022-11-09T19:56:53.116] [WARN] default - Ruta no encontrada /favicon.ico
[2022-11-09T19:57:20.422] [WARN] default - Ruta no encontrada /favicon.ico
[2022-11-09T19:57:23.076] [WARN] default - Ruta no encontrada /favicon.ico
[2022-11-09T19:57:35.936] [WARN] default - Ruta no encontrada /12
[2022-11-09T19:57:36.120] [WARN] default - Ruta no encontrada /favicon.ico
[2022-11-09T19:58:05.354] [WARN] default - Ruta no encontrada /favicon.ico
[2022-11-09T19:58:07.907] [WARN] default - Ruta no encontrada /favicon.ico
[2022-11-09T19:58:33.702] [WARN] default - Ruta no encontrada /favicon.ico
[2022-11-09T19:58:49.107] [WARN] default - Ruta no encontrada /favicon.ico
[2022-11-09T19:59:28.222] [WARN] default - Ruta no encontrada /favicon.ico
[2022-11-09T19:59:40.781] [WARN] default - Ruta no encontrada /favicon.ico
[2022-11-09T19:59:51.327] [WARN] default - Ruta no encontrada /0246
[2022-11-09T19:59:51.503] [WARN] default - Ruta no encontrada /favicon.ico
[2022-11-09T20:00:19.217] [WARN] default - Ruta no encontrada /favicon.ico
[2022-11-09T20:00:22.086] [WARN] default - Ruta no encontrada /favicon.ico
[2022-11-09T20:00:32.571] [WARN] default - Ruta no encontrada /154
[2022-11-09T20:00:32.753] [WARN] default - Ruta no encontrada /favicon.ico
[2022-11-09T20:04:01.626] [WARN] default - Ruta no encontrada /favicon.ico
[2022-11-09T20:04:10.678] [WARN] default - Ruta no encontrada /favicon.ico
[2022-11-09T20:04:20.614] [WARN] default - Ruta no encontrada /sdfsd
[2022-11-09T20:04:20.793] [WARN] default - Ruta no encontrada /favicon.ico
[2022-11-09T20:07:06.338] [WARN] default - Ruta no encontrada /favicon.ico
[2022-11-09T20:07:07.532] [WARN] default - Ruta no encontrada /favicon.ico
[2022-11-09T20:07:20.778] [WARN] default - Ruta no encontrada /favicon.ico
[2022-11-09T20:08:53.522] [WARN] default - Ruta no encontrada /favicon.ico
[2022-11-09T20:08:54.842] [WARN] default - Ruta no encontrada /favicon.ico
[2022-11-09T20:09:04.950] [WARN] default - Ruta no encontrada /favicon.ico
[2022-11-09T20:23:02.599] [WARN] default - Ruta no encontrada /favicon.ico
[2022-11-09T20:23:18.419] [WARN] default - Ruta no encontrada /favicon.ico
[2022-11-09T20:24:35.369] [WARN] default - Ruta no encontrada /favicon.ico
[2022-11-09T20:24:37.504] [WARN] default - Ruta no encontrada /favicon.ico
[2022-11-09T20:24:39.827] [WARN] default - Ruta no encontrada /favicon.ico
[2022-11-09T20:24:51.081] [WARN] default - Ruta no encontrada /favicon.ico
[2022-11-09T20:26:19.416] [WARN] default - Ruta no encontrada /favicon.ico
[2022-11-09T20:26:21.568] [WARN] default - Ruta no encontrada /favicon.ico
[2022-11-09T20:26:23.228] [WARN] default - Ruta no encontrada /favicon.ico
[2022-11-09T20:26:34.562] [WARN] default - Ruta no encontrada /favicon.ico
[2022-11-09T20:28:42.753] [WARN] default - Ruta no encontrada /favicon.ico
[2022-11-09T20:28:44.948] [WARN] default - Ruta no encontrada /favicon.ico
[2022-11-09T20:28:51.662] [WARN] default - Ruta no encontrada /favicon.ico
[2022-11-09T20:29:08.926] [WARN] default - Ruta no encontrada /favicon.ico
[2022-11-10T13:23:45.008] [WARN] default - Ruta no encontrada /favicon.ico
[2022-11-10T13:23:48.255] [WARN] default - Ruta no encontrada /favicon.ico
[2022-11-10T13:23:52.561] [WARN] default - Ruta no encontrada /favicon.ico
[2022-11-10T13:24:04.249] [WARN] default - Ruta no encontrada /favicon.ico
[2022-11-10T13:24:15.311] [WARN] default - Ruta no encontrada /favicon.ico
[2022-11-10T13:24:17.867] [WARN] default - Ruta no encontrada /favicon.ico
[2022-11-10T13:24:31.152] [WARN] default - Ruta no encontrada /favicon.ico
[2022-11-10T14:21:57.830] [WARN] default - Ruta no encontrada /favicon.ico
[2022-11-10T14:22:02.428] [WARN] default - Ruta no encontrada /favicon.ico
[2022-11-10T14:22:03.941] [WARN] default - Ruta no encontrada /favicon.ico
[2022-11-10T14:22:17.799] [WARN] default - Ruta no encontrada /favicon.ico
[2022-11-10T15:44:38.838] [WARN] default - Ruta no encontrada /favicon.ico
[2022-11-10T15:44:48.863] [WARN] default - Ruta no encontrada /favicon.ico
[2022-11-10T15:45:06.352] [WARN] default - Ruta no encontrada /favicon.ico
[2022-11-10T15:48:14.099] [WARN] default - Ruta no encontrada /luabramzon@gmail.com
[2022-11-10T16:26:50.653] [WARN] default - Ruta no encontrada /favicon.ico
[2022-11-10T16:26:55.694] [WARN] default - Ruta no encontrada /favicon.ico
[2022-11-10T16:28:05.330] [WARN] default - Ruta no encontrada /favicon.ico
[2022-11-10T16:29:31.687] [WARN] default - Ruta no encontrada /favicon.ico
[2022-11-10T16:29:51.269] [WARN] default - Ruta no encontrada /favicon.ico
[2022-11-10T16:31:47.281] [WARN] default - Ruta no encontrada /favicon.ico
[2022-11-10T16:32:06.868] [WARN] default - Ruta no encontrada /favicon.ico
[2022-11-10T16:33:28.280] [WARN] default - Ruta no encontrada /favicon.ico
[2022-11-10T16:37:02.812] [WARN] default - Ruta no encontrada /favicon.ico
[2022-11-10T16:37:18.482] [WARN] default - Ruta no encontrada /favicon.ico
[2022-11-10T16:42:36.506] [WARN] default - Ruta no encontrada /favicon.ico
[2022-11-10T16:43:57.355] [WARN] default - Ruta no encontrada /favicon.ico
[2022-11-10T16:44:08.872] [WARN] default - Ruta no encontrada /favicon.ico
[2022-11-10T16:46:11.474] [WARN] default - Ruta no encontrada /favicon.ico
[2022-11-10T16:46:14.609] [WARN] default - Ruta no encontrada /favicon.ico
[2022-11-10T16:46:29.954] [WARN] default - Ruta no encontrada /favicon.ico
[2022-11-10T16:48:24.505] [WARN] default - Ruta no encontrada /favicon.ico
[2022-11-10T16:48:25.564] [WARN] default - Ruta no encontrada /favicon.ico
[2022-11-10T16:48:41.907] [WARN] default - Ruta no encontrada /favicon.ico
[2022-11-10T16:49:04.622] [WARN] default - Ruta no encontrada /favicon.ico
[2022-11-10T16:49:09.492] [WARN] default - Ruta no encontrada /favicon.ico
[2022-11-10T16:50:24.044] [WARN] default - Ruta no encontrada /favicon.ico
[2022-11-10T16:51:44.942] [WARN] default - Ruta no encontrada /favicon.ico
[2022-11-10T16:51:49.516] [WARN] default - Ruta no encontrada /favicon.ico
[2022-11-10T16:53:02.302] [WARN] default - Ruta no encontrada /favicon.ico
[2022-11-10T16:53:26.843] [WARN] default - Ruta no encontrada /favicon.ico
[2022-11-10T16:54:02.039] [WARN] default - Ruta no encontrada /favicon.ico
[2022-11-10T16:54:20.032] [WARN] default - Ruta no encontrada /favicon.ico
[2022-11-10T16:56:31.808] [WARN] default - Ruta no encontrada /favicon.ico
[2022-11-10T16:56:33.165] [WARN] default - Ruta no encontrada /favicon.ico
[2022-11-10T16:56:47.240] [WARN] default - Ruta no encontrada /favicon.ico
[2022-11-10T16:58:28.454] [WARN] default - Ruta no encontrada /favicon.ico
[2022-11-10T16:58:30.320] [WARN] default - Ruta no encontrada /favicon.ico
[2022-11-10T16:58:40.597] [WARN] default - Ruta no encontrada /123466
[2022-11-10T16:58:40.920] [WARN] default - Ruta no encontrada /favicon.ico
[2022-11-10T16:58:53.442] [WARN] default - Ruta no encontrada /favicon.ico
[2022-11-10T16:59:04.630] [WARN] default - Ruta no encontrada /favicon.ico
[2022-11-10T16:59:24.288] [WARN] default - Ruta no encontrada /favicon.ico
[2022-11-10T16:59:42.202] [WARN] default - Ruta no encontrada /favicon.ico
[2022-11-10T17:07:03.297] [WARN] default - Ruta no encontrada /favicon.ico
[2022-11-10T17:07:19.356] [WARN] default - Ruta no encontrada /favicon.ico
[2022-11-10T17:07:31.238] [WARN] default - Ruta no encontrada /favicon.ico
[2022-11-10T17:09:24.100] [WARN] default - Ruta no encontrada /favicon.ico
[2022-11-10T17:09:37.174] [WARN] default - Ruta no encontrada /favicon.ico
[2022-11-10T17:10:09.897] [WARN] default - Ruta no encontrada /favicon.ico
[2022-11-10T17:10:31.441] [WARN] default - Ruta no encontrada /favicon.ico
[2022-11-10T17:36:07.715] [WARN] default - Ruta no encontrada /favicon.ico
[2022-11-10T17:36:10.496] [WARN] default - Ruta no encontrada /favicon.ico
[2022-11-10T17:36:12.224] [WARN] default - Ruta no encontrada /favicon.ico
[2022-11-10T17:36:43.239] [WARN] default - Ruta no encontrada /favicon.ico
[2022-11-10T17:38:33.861] [WARN] default - Ruta no encontrada /favicon.ico
[2022-11-10T17:38:35.514] [WARN] default - Ruta no encontrada /favicon.ico
[2022-11-10T17:38:48.847] [WARN] default - Ruta no encontrada /favicon.ico
[2022-11-10T17:39:20.544] [WARN] default - Ruta no encontrada /favicon.ico
[2022-11-10T17:39:26.776] [WARN] default - Ruta no encontrada /favicon.ico
[2022-11-10T17:39:46.831] [WARN] default - Ruta no encontrada /123456
[2022-11-10T17:39:47.343] [WARN] default - Ruta no encontrada /favicon.ico
[2022-11-10T17:40:22.948] [WARN] default - Ruta no encontrada /favicon.ico
[2022-11-10T17:40:27.486] [WARN] default - Ruta no encontrada /favicon.ico
[2022-11-10T17:40:42.054] [WARN] default - Ruta no encontrada /123456
[2022-11-10T17:40:42.638] [WARN] default - Ruta no encontrada /favicon.ico
[2022-11-10T17:42:01.654] [WARN] default - Ruta no encontrada /favicon.ico
[2022-11-10T17:42:04.756] [WARN] default - Ruta no encontrada /favicon.ico
[2022-11-10T17:42:28.425] [WARN] default - Ruta no encontrada /favicon.ico
[2022-11-10T17:43:26.239] [WARN] default - Ruta no encontrada /favicon.ico
[2022-11-10T17:43:30.417] [WARN] default - Ruta no encontrada /favicon.ico
[2022-11-10T17:44:18.396] [WARN] default - Ruta no encontrada /favicon.ico
[2022-11-10T17:45:58.455] [WARN] default - Ruta no encontrada /favicon.ico
[2022-11-10T17:46:02.467] [WARN] default - Ruta no encontrada /favicon.ico
[2022-11-10T17:46:06.108] [WARN] default - Ruta no encontrada /favicon.ico
[2022-11-10T17:46:46.229] [WARN] default - Ruta no encontrada /favicon.ico
[2022-11-10T17:47:13.595] [WARN] default - Ruta no encontrada /favicon.ico
[2022-11-10T17:47:29.918] [WARN] default - Ruta no encontrada /favicon.ico
[2022-11-10T17:48:15.964] [WARN] default - Ruta no encontrada /favicon.ico
[2022-11-10T17:48:56.410] [WARN] default - Ruta no encontrada /favicon.ico
[2022-11-10T17:48:58.496] [WARN] default - Ruta no encontrada /favicon.ico
[2022-11-10T17:58:18.685] [WARN] default - Ruta no encontrada /favicon.ico
[2022-11-10T17:58:30.041] [WARN] default - Ruta no encontrada /sdfs
[2022-11-10T17:58:30.525] [WARN] default - Ruta no encontrada /favicon.ico
[2022-11-10T17:59:07.570] [WARN] default - Ruta no encontrada /favicon.ico
[2022-11-10T17:59:10.628] [WARN] default - Ruta no encontrada /favicon.ico
[2022-11-10T17:59:27.790] [WARN] default - Ruta no encontrada /1223
[2022-11-10T17:59:28.207] [WARN] default - Ruta no encontrada /favicon.ico
[2022-11-10T17:59:59.755] [WARN] default - Ruta no encontrada /favicon.ico
[2022-11-10T18:00:01.083] [WARN] default - Ruta no encontrada /favicon.ico
[2022-11-10T18:00:17.134] [WARN] default - Ruta no encontrada /sfd
[2022-11-10T18:00:17.555] [WARN] default - Ruta no encontrada /favicon.ico
[2022-11-10T18:00:34.405] [WARN] default - Ruta no encontrada /favicon.ico
[2022-11-10T18:00:36.674] [WARN] default - Ruta no encontrada /favicon.ico
[2022-11-10T18:00:49.761] [WARN] default - Ruta no encontrada /favicon.ico
[2022-11-10T18:00:56.560] [WARN] default - Ruta no encontrada /favicon.ico
[2022-11-10T18:01:09.372] [WARN] default - Ruta no encontrada /favicon.ico
[2022-11-10T18:03:09.990] [WARN] default - Ruta no encontrada /favicon.ico
[2022-11-10T18:03:12.530] [WARN] default - Ruta no encontrada /favicon.ico
[2022-11-10T18:03:17.087] [WARN] default - Ruta no encontrada /favicon.ico
[2022-11-10T18:03:35.497] [WARN] default - Ruta no encontrada /favicon.ico
[2022-11-10T18:04:12.563] [WARN] default - Ruta no encontrada /favicon.ico
[2022-11-10T18:04:14.339] [WARN] default - Ruta no encontrada /favicon.ico
[2022-11-10T18:04:30.057] [WARN] default - Ruta no encontrada /favicon.ico
[2022-11-10T18:05:30.765] [WARN] default - Ruta no encontrada /favicon.ico
[2022-11-10T18:05:32.301] [WARN] default - Ruta no encontrada /favicon.ico
[2022-11-10T18:06:01.625] [WARN] default - Ruta no encontrada /favicon.ico
[2022-11-10T18:06:30.391] [WARN] default - Ruta no encontrada /favicon.ico
[2022-11-10T18:07:01.466] [WARN] default - Ruta no encontrada /favicon.ico
[2022-11-10T18:07:25.761] [WARN] default - Ruta no encontrada /favicon.ico
[2022-11-10T18:08:04.850] [WARN] default - Ruta no encontrada /favicon.ico
[2022-11-10T18:17:22.176] [WARN] default - Ruta no encontrada /favicon.ico
[2022-11-10T18:18:01.007] [WARN] default - Ruta no encontrada /favicon.ico
[2022-11-10T18:19:22.558] [WARN] default - Ruta no encontrada /favicon.ico
[2022-11-10T18:19:28.779] [WARN] default - Ruta no encontrada /favicon.ico
[2022-11-10T18:21:00.655] [WARN] default - Ruta no encontrada /favicon.ico
[2022-11-10T18:21:03.355] [WARN] default - Ruta no encontrada /favicon.ico
[2022-11-10T18:21:18.679] [WARN] default - Ruta no encontrada /favicon.ico
[2022-11-10T18:21:53.268] [WARN] default - Ruta no encontrada /favicon.ico
[2022-11-10T18:22:17.205] [WARN] default - Ruta no encontrada /favicon.ico
[2022-11-10T18:22:27.519] [WARN] default - Ruta no encontrada /favicon.ico
[2022-11-10T18:22:30.062] [WARN] default - Ruta no encontrada /favicon.ico
[2022-11-10T18:22:33.355] [WARN] default - Ruta no encontrada /favicon.ico
[2022-11-10T18:22:49.114] [WARN] default - Ruta no encontrada /favicon.ico
[2022-11-10T18:23:06.088] [WARN] default - Ruta no encontrada /favicon.ico
[2022-11-10T18:23:33.496] [WARN] default - Ruta no encontrada /favicon.ico
[2022-11-10T18:29:25.026] [WARN] default - Ruta no encontrada /favicon.ico
[2022-11-10T18:30:40.426] [WARN] default - Ruta no encontrada /favicon.ico
[2022-11-10T18:30:59.846] [WARN] default - Ruta no encontrada /favicon.ico
[2022-11-10T18:31:02.724] [WARN] default - Ruta no encontrada /favicon.ico
[2022-11-10T18:32:00.794] [WARN] default - Ruta no encontrada /favicon.ico
[2022-11-10T18:32:22.084] [WARN] default - Ruta no encontrada /favicon.ico
[2022-11-10T18:32:23.171] [WARN] default - Ruta no encontrada /favicon.ico
[2022-11-10T20:23:30.709] [WARN] default - Ruta no encontrada /favicon.ico
[2022-11-10T20:23:45.903] [WARN] default - Ruta no encontrada /favicon.ico
[2022-11-10T20:24:14.530] [WARN] default - Ruta no encontrada /favicon.ico
[2022-11-10T20:24:19.672] [WARN] default - Ruta no encontrada /favicon.ico
[2022-11-10T20:24:44.247] [WARN] default - Ruta no encontrada /favicon.ico
[2022-11-10T20:31:44.988] [WARN] default - Ruta no encontrada /favicon.ico
[2022-11-10T20:32:15.787] [WARN] default - Ruta no encontrada /favicon.ico
[2022-11-10T20:32:23.933] [WARN] default - Ruta no encontrada /favicon.ico
[2022-11-10T20:32:47.848] [WARN] default - Ruta no encontrada /favicon.ico
[2022-11-10T20:32:51.346] [WARN] default - Ruta no encontrada /favicon.ico
[2022-11-10T20:32:53.612] [WARN] default - Ruta no encontrada /favicon.ico
[2022-11-10T20:33:51.725] [WARN] default - Ruta no encontrada /favicon.ico
[2022-11-10T20:34:16.659] [WARN] default - Ruta no encontrada /favicon.ico
[2022-11-10T20:34:30.759] [WARN] default - Ruta no encontrada /favicon.ico
[2022-11-10T20:34:31.836] [WARN] default - Ruta no encontrada /favicon.ico
[2022-11-10T20:34:34.767] [WARN] default - Ruta no encontrada /favicon.ico
[2022-11-10T20:35:16.364] [WARN] default - Ruta no encontrada /favicon.ico
[2022-11-10T20:42:12.196] [WARN] default - Ruta no encontrada /producto
[2022-11-10T20:43:54.381] [WARN] default - Ruta no encontrada /carrito/636d8c9b92f952a21c1a8bc6/producto/636bcc41cf76a0c54517db69
[2022-11-10T20:44:03.223] [WARN] default - Ruta no encontrada /carrito/636d8c9b92f952a21c1a8bc6/productos/636bcc41cf76a0c54517db69
[2022-11-10T20:44:24.317] [WARN] default - Ruta no encontrada /carrito/636d8c9b92f952a21c1a8bc6/productos/636bcc41cf76a0c54517db69
[2022-11-10T20:47:10.108] [WARN] default - Ruta no encontrada /carrito/636d8c9b92f952a21c1a8bc6/productos/636bcc41cf76a0c54517db69
[2022-11-10T20:56:02.480] [WARN] default - Ruta no encontrada /carrito/636d8c9b92f952a21c1a8bc6/productos/636aa643bc1b85845bd8096e
[2022-11-10T20:56:25.245] [WARN] default - Ruta no encontrada /carrito/636d8c9b92f952a21c1a8bc6/productos/636aa643bc1b85845bd8096e
[2022-11-14T10:30:52.624] [WARN] default - Ruta no encontrada /favicon.ico
[2022-11-14T14:29:34.530] [WARN] default - Ruta no encontrada /favicon.ico
[2022-11-14T14:41:59.715] [WARN] default - Ruta no encontrada /deporte
[2022-11-14T15:17:10.584] [WARN] default - Ruta no encontrada /deporte
